{
  "results": [
    {
      "_time": "2026-01-27T10:00:00.000+00:00",
      "_raw": "Jan 27 10:00:00 firewall-01 CEF:0|Palo Alto Networks|PAN-OS|9.0.0|TRAFFIC|end|3|src=10.0.1.5 dst=185.220.101.5 dpt=443",
      "host": "firewall-01",
      "source": "pan:traffic",
      "sourcetype": "pan:traffic",
      "src_ip": "10.0.1.5",
      "dest_ip": "185.220.101.5",
      "dest_port": "443",
      "action": "allowed",
      "bytes_out": "1024",
      "bytes_in": "2048",
      "signature": "Suspicious Outbound Connection",
      "severity": "high"
    },
    {
      "_time": "2026-01-27T10:05:00.000+00:00",
      "_raw": "Jan 27 10:05:00 workstation-042 EventCode=4688 ProcessName=powershell.exe CommandLine='powershell.exe -enc ...'",
      "host": "workstation-042",
      "source": "WinEventLog:Security",
      "sourcetype": "WinEventLog:Security",
      "EventCode": "4688",
      "ProcessName": "powershell.exe",
      "CommandLine": "powershell.exe -enc JABhAD0AJwBoAHQAdABwADoALwAvAG0AYQBsAHcAYQByAGUALgBjAG8AbQAn",
      "User": "john.doe",
      "ParentProcessName": "explorer.exe",
      "signature": "Encoded PowerShell Command",
      "severity": "high"
    },
    {
      "_time": "2026-01-27T09:30:00.000+00:00",
      "_raw": "Jan 27 09:30:00 dc-01 EventCode=4625 TargetUserName=admin IpAddress=203.0.113.45 FailureReason=BadPassword",
      "host": "dc-01",
      "source": "WinEventLog:Security",
      "sourcetype": "WinEventLog:Security",
      "EventCode": "4625",
      "TargetUserName": "admin",
      "IpAddress": "203.0.113.45",
      "FailureReason": "BadPassword",
      "signature": "Multiple Failed Logins",
      "severity": "medium",
      "count": "47"
    },
    {
      "_time": "2026-01-27T11:15:00.000+00:00",
      "_raw": "Jan 27 11:15:00 workstation-089 EventCode=4648 TargetServerName=fileserver-01 LogonType=10",
      "host": "workstation-089",
      "source": "WinEventLog:Security",
      "sourcetype": "WinEventLog:Security",
      "EventCode": "4648",
      "SubjectUserName": "contractor.user",
      "TargetServerName": "fileserver-01",
      "LogonType": "10",
      "signature": "Lateral Movement RDP",
      "severity": "high"
    },
    {
      "_time": "2026-01-27T12:30:00.000+00:00",
      "_raw": "Jan 27 12:30:00 proxy-01 URL=transfer.sh bytes=524288000 user=employee.name action=allowed",
      "host": "proxy-01",
      "source": "proxy:access",
      "sourcetype": "proxy:access",
      "url": "transfer.sh",
      "bytes": "524288000",
      "user": "employee.name",
      "action": "allowed",
      "signature": "Large Upload to Cloud Storage",
      "severity": "critical"
    }
  ]
}

